This is XeTeX, Version 3.14159265-2.6-0.99992 (TeX Live 2015) (preloaded format=xelatex 2016.5.12)  2 JAN 2018 21:52
entering extended mode
 \write18 enabled.
 %&-line parsing enabled.
**Chapter_1.tex
(./Chapter_1.tex
LaTeX2e <2016/03/31>
Babel <3.9q> and hyphenation patterns for 81 language(s) loaded.
! Undefined control sequence.
l.3 \chapter
            [Chapter 1]{Chapter 1}
? 
! Emergency stop.
l.3 \chapter
            [Chapter 1]{Chapter 1}
End of file on the terminal!

 
Here is how much of TeX's memory you used:
 4 strings out of 493632
 50 string characters out of 6144722
 53617 words of memory out of 5000000
 3511 multiletter control sequences out of 15000+600000
 3640 words of font info for 14 fonts, out of 8000000 for 9000
 1328 hyphenation exceptions out of 8191
 5i,0n,1p,53b,8s stack positions out of 5000i,500n,10000p,200000b,80000s
No pages of output.
